[index-2.html]
[backblue.gif]
[fade.gif]
[index.html]
[favicon.ico]
[analytics.js]
[wnd_header.set]
[rss/all.xml]
[_system/skins/v9/50000006/js/functions.js]
[_system/skins/v9/50000006/css/style.css]
[_system/skins/v9/50000006/css/print.css]
[img/footer/footerButtonWebnodeHover090c.png]
[_system/client/js/compressed/frontend.package.1-3-106090c.js]
[index-3.html]
[_system/skins/v9/50000006/img/search.png]
[23c7b765a28020e45633583999d9d314/200000058-ab325ac2c6/IMG_0449_Layer 1.jpg]
[23c7b765a28020e45633583999d9d314/200000062-3f611405b4/vitek_Layer 1.jpg]
[news/zimni-spanek/index.html]
[embed/djJ3P-YTBnc6b7d.html]
[o-nas/index.html]
[embed/mMRPuiNHFOA6b7d.html]
[_system/skins/v9/50000006/img/loading.gif]
[kontakt/index.html]
[_system/skins/v9/50000006/img/loading_poll.gif]
[img/footer/footerButtonWebnode090c.png]
[img/footer/footerButton090c.png]
[img/footer/footerButtonHover090c.png]
[napiste-nam/index.html]
[img/footer/footerBubble090c.png]
[img/footer/footerBubbleIE6090c.png]
[img/footer/footerButtonHoverIE6090c.png]
[index-2.html]
[_files/index.html]
[novinky/index.html]
[23c7b765a28020e45633583999d9d314/index.html]
[fotogalerie/index.html]
[sitemap/index.html]
[rss/index.html]
[23c7b765a28020e45633583999d9d314/200000061-907ee9178b/foto 2.jpg]
[news/zimni-spanek/index.html]
[o-nas/index.html]
[23c7b765a28020e45633583999d9d314/200000027-ce380cf324/logogoodfood.jpg]
[kontakt/index.html]
[napiste-nam/index.html]
[novinky/index.html]
[23c7b765a28020e45633583999d9d314/system_preview_small_200000000-8fe7790e12-public/gdfd1.jpg]
[23c7b765a28020e45633583999d9d314/system_preview_small_200000001-0a0da0b07b-public/gdfd2.jpg]
[album/fotogalerie/gdfd1-jpg/index.html]
[23c7b765a28020e45633583999d9d314/system_preview_small_200000002-86ff587f9d-public/gdfd3.jpg]
[album/fotogalerie/gdfd2-jpg/index.html]
[album/fotogalerie/gdfd3-jpg/index.html]
[23c7b765a28020e45633583999d9d314/system_preview_small_200000003-0fcc110c5d-public/gdfd4.jpg]
[23c7b765a28020e45633583999d9d314/system_preview_small_200000004-a90aaaa04f-public/gdfd5.jpg]
[23c7b765a28020e45633583999d9d314/system_preview_small_200000005-2def92ee8d-public/gdfd6.jpg]
[23c7b765a28020e45633583999d9d314/system_preview_small_200000006-acd3badcd2-public/gdfd7.jpg]
[23c7b765a28020e45633583999d9d314/system_preview_small_200000007-34a5c359f8-public/gdfd8.jpg]
[23c7b765a28020e45633583999d9d314/system_preview_small_200000028-749987593b-public/designer JOO Kawasumi.jpg]
[album/fotogalerie/gdfd4-jpg/index.html]
[23c7b765a28020e45633583999d9d314/system_preview_small_200000029-e4e7be5e20-public/realná věc.jpg]
[fotogalerie/index.html]
[album/fotogalerie/gdfd5-jpg/index.html]
[album/fotogalerie/gdfd6-jpg/index.html]
[album/fotogalerie/gdfd7-jpg/index.html]
[album/fotogalerie/gdfd8-jpg/index.html]
[album/fotogalerie/designer-joo-kawasumi-jpg/index.html]
[album/fotogalerie/realna-vec-jpg/index.html]
[fotogalerie/photogallerycbm_810881/10/index.html]
[fotogalerie/photogallerycbm_810881/20/index.html]
[fotogalerie/photogallerycbm_810881/30/index.html]
[fotogalerie/photogallerycbm_810881/40/index.html]
[fotogalerie/photogallerycbm_810881/60/index.html]
[servers/frontend/index.html]
[img/meh7.29.delayed]
[s/player/6ed0d907/www-embed-player.vflset/www-embed-player.js]
[s/player/6ed0d907/player_ias.vflset/en_US/base.js]
[s/player/6ed0d907/fetch-polyfill.vflset/fetch-polyfill.js]
[embed/djJ3P-YTBnc6b7d.html]
[watch1602.html]
[embed/mMRPuiNHFOA6b7d.html]
[home/index.html]
[sitemap/index.html]
[watchf530.html]
[rss/novinky.xml]
[rss/index.html]
[index80e7.html]
[index5eed.html]
[index4a43.html]
[index25ea.html]
[images/200000000-8fe7790e12-public/gdfd17b36.html]
[23c7b765a28020e45633583999d9d314/system_preview_detail_200000000-8fe7790e12-public/gdfd1.jpg]
[album/fotogalerie/gdfd1-jpg/index.html]
[images/200000001-0a0da0b07b-public/gdfd27b36.html]
[23c7b765a28020e45633583999d9d314/system_preview_detail_200000001-0a0da0b07b-public/gdfd2.jpg]
[album/fotogalerie/gdfd2-jpg/index.html]
[images/200000002-86ff587f9d-public/gdfd37b36.html]
[23c7b765a28020e45633583999d9d314/system_preview_detail_200000002-86ff587f9d-public/gdfd3.jpg]
[album/fotogalerie/gdfd3-jpg/index.html]
[images/200000003-0fcc110c5d-public/gdfd47b36.html]
[album/fotogalerie/gdfd4-jpg/index.html]
[23c7b765a28020e45633583999d9d314/system_preview_detail_200000003-0fcc110c5d-public/gdfd4.jpg]
[images/200000004-a90aaaa04f-public/gdfd57b36.html]
[album/fotogalerie/gdfd5-jpg/index.html]
[23c7b765a28020e45633583999d9d314/system_preview_detail_200000004-a90aaaa04f-public/gdfd5.jpg]
[images/200000005-2def92ee8d-public/gdfd67b36.html]
[album/fotogalerie/gdfd6-jpg/index.html]
[23c7b765a28020e45633583999d9d314/system_preview_detail_200000005-2def92ee8d-public/gdfd6.jpg]
[images/200000006-acd3badcd2-public/gdfd77b36.html]
[album/fotogalerie/gdfd7-jpg/index.html]
[23c7b765a28020e45633583999d9d314/system_preview_detail_200000006-acd3badcd2-public/gdfd7.jpg]
[images/200000007-34a5c359f8-public/gdfd87b36.html]
[23c7b765a28020e45633583999d9d314/system_preview_detail_200000007-34a5c359f8-public/gdfd8.jpg]
[album/fotogalerie/gdfd8-jpg/index.html]
[images/200000028-749987593b-public/designer+JOO+Kawasumi7b36.html]
[23c7b765a28020e45633583999d9d314/system_preview_detail_200000028-749987593b-public/designer JOO Kawasumi.jpg]
[album/fotogalerie/designer-joo-kawasumi-jpg/index.html]
[images/200000029-e4e7be5e20-public/realná+věc7b36.html]
[23c7b765a28020e45633583999d9d314/system_preview_detail_200000029-e4e7be5e20-public/realná věc.jpg]
[album/fotogalerie/realna-vec-jpg/index.html]
[23c7b765a28020e45633583999d9d314/system_preview_small_200000030-771fc78195-public/sada2.jpg]
[album/fotogalerie/sada2-jpg/index.html]
[23c7b765a28020e45633583999d9d314/system_preview_small_200000032-dabe7dbb8d-public/cesko_japonsko_joo_kawasumi.jpg]
[23c7b765a28020e45633583999d9d314/system_preview_small_200000033-4c9294d8c4-public/dvoustěnný pohárek pro nevidomé2.jpg]
[23c7b765a28020e45633583999d9d314/system_preview_small_200000035-461dc4717c-public/p3.jpg]
[album/fotogalerie/cesko-japonsko-joo-kawasumi-jpg/index.html]
[23c7b765a28020e45633583999d9d314/system_preview_small_200000036-b32f6b4299-public/p2.jpg]
[23c7b765a28020e45633583999d9d314/system_preview_small_200000037-5f823607c3-public/p6.jpg]
[23c7b765a28020e45633583999d9d314/system_preview_small_200000063-0c12c0d0c8-public/5.jpg]
[album/fotogalerie/dvoustenny-poharek-pro-nevidome2-jpg/index.html]
[23c7b765a28020e45633583999d9d314/system_preview_small_200000064-926fa93693-public/1.jpg]
[23c7b765a28020e45633583999d9d314/system_preview_small_200000065-0ffc710f69-public/2.jpg]
[23c7b765a28020e45633583999d9d314/system_preview_small_200000066-99af39aa92-public/11.jpg]
[fotogalerie/photogallerycbm_810881/10/index.html]
[album/fotogalerie/p3-jpg/index.html]
[23c7b765a28020e45633583999d9d314/system_preview_small_200000067-8a0f78b09a-public/18.jpg]
[album/fotogalerie/p2-jpg/index.html]
[23c7b765a28020e45633583999d9d314/system_preview_small_200000068-6cc3f6dbdd-public/capis1.jpg]
[23c7b765a28020e45633583999d9d314/system_preview_small_200000069-034c304461-public/capis2.jpg]
[23c7b765a28020e45633583999d9d314/system_preview_small_200000070-aec3eafbd5-public/ko(u)ření.jpg]
[album/fotogalerie/p6-jpg/index.html]
[23c7b765a28020e45633583999d9d314/system_preview_small_200000095-e3159e40f9-public/PC150008.jpg]
[23c7b765a28020e45633583999d9d314/system_preview_small_200000121-8cf768df12-public/canon 001 066.jpg]
[23c7b765a28020e45633583999d9d314/system_preview_small_200000122-0d5640e505-public/canon 001 067.jpg]
[album/fotogalerie/a5-jpg/index.html]
[23c7b765a28020e45633583999d9d314/system_preview_small_200000123-91d9e92d3d-public/canon 001 068.jpg]
[23c7b765a28020e45633583999d9d314/system_preview_small_200000124-1b02b1bfd1-public/canon 001 069.jpg]
[23c7b765a28020e45633583999d9d314/system_preview_small_200000125-98b0599aa5-public/canon 001 070.jpg]
[fotogalerie/photogallerycbm_810881/20/index.html]
[album/fotogalerie/a1-jpg/index.html]
[23c7b765a28020e45633583999d9d314/system_preview_small_200000126-29ee32ae7e-public/canon 001 072.jpg]
[23c7b765a28020e45633583999d9d314/system_preview_small_200000127-ac85cad7f6-public/canon 001 074.jpg]
[album/fotogalerie/a2-jpg/index.html]
[23c7b765a28020e45633583999d9d314/system_preview_small_200000128-37559384fd-public/canon 001 073.jpg]
[23c7b765a28020e45633583999d9d314/system_preview_small_200000129-b1ac9b2a6f-public/canon 001 075.jpg]
[album/fotogalerie/a11-jpg/index.html]
[23c7b765a28020e45633583999d9d314/system_preview_small_200000130-3f6ad40653-public/canon 001 076.jpg]
[23c7b765a28020e45633583999d9d314/system_preview_small_200000131-d5096d602f-public/canon 001 077.jpg]
[23c7b765a28020e45633583999d9d314/system_preview_small_200000132-4ac5d4bbfc-public/canon 001 078.jpg]
[23c7b765a28020e45633583999d9d314/system_preview_small_200000133-c7c43c8be2-public/canon 001 079.jpg]
[album/fotogalerie/a18-jpg/index.html]
[23c7b765a28020e45633583999d9d314/system_preview_small_200000134-5327a5421d-public/canon 001 080.jpg]
[23c7b765a28020e45633583999d9d314/system_preview_small_200000135-d1d75d2d11-public/canon 001 081.jpg]
[fotogalerie/photogallerycbm_810881/30/index.html]
[album/fotogalerie/capis1-jpg/index.html]
[23c7b765a28020e45633583999d9d314/system_preview_small_200000136-632ec6428c-public/canon 001 082.jpg]
[album/fotogalerie/capis2-jpg/index.html]
[23c7b765a28020e45633583999d9d314/system_preview_small_200000137-ece16eddb0-public/canon 001 084.jpg]
[23c7b765a28020e45633583999d9d314/system_preview_small_200000138-78fa679f3c-public/canon 001 085.jpg]
[23c7b765a28020e45633583999d9d314/system_preview_small_200000139-066b507658-public/canon 001 086.jpg]
[23c7b765a28020e45633583999d9d314/system_preview_small_200000140-8d2f98e29d-public/canon 001 090.jpg]
[album/fotogalerie/ko-u-reni-jpg/index.html]
[23c7b765a28020e45633583999d9d314/system_preview_small_200000141-2f6fd306a0-public/canon 001 095.jpg]
[23c7b765a28020e45633583999d9d314/system_preview_small_200000142-bff64c0f03-public/canon 001 098.jpg]
[23c7b765a28020e45633583999d9d314/system_preview_small_200000143-51eb752e4f-public/canon 001 100.jpg]
[23c7b765a28020e45633583999d9d314/system_preview_small_200000144-3f5a4405ab-public/canon 001 101.jpg]
[album/fotogalerie/pc150008-jpg/index.html]
[23c7b765a28020e45633583999d9d314/system_preview_small_200000145-aefb7aff51-public/canon 001 102.jpg]
[fotogalerie/photogallerycbm_810881/40/index.html]
[album/fotogalerie/canon-001-066-jpg/index.html]
[23c7b765a28020e45633583999d9d314/system_preview_small_200000156-8c82d8d7cf-public/canon 001 133.jpg]
[album/fotogalerie/canon-001-067-jpg/index.html]
[23c7b765a28020e45633583999d9d314/system_preview_small_200000157-14f6f15f08-public/canon 001 134.jpg]
[23c7b765a28020e45633583999d9d314/system_preview_small_200000158-9839999337-public/canon 001 135.jpg]
[23c7b765a28020e45633583999d9d314/system_preview_small_200000159-24ff825f9c-public/canon 001 136.jpg]
[23c7b765a28020e45633583999d9d314/system_preview_small_200000160-a5e76a6e1c-public/daska.jpg]
[album/fotogalerie/canon-001-068-jpg/index.html]
[23c7b765a28020e45633583999d9d314/system_preview_small_200000161-300aa3104d-public/kamča.jpg]
[23c7b765a28020e45633583999d9d314/system_preview_small_200000162-aff8fb0f2d-public/vít.jpg]
[23c7b765a28020e45633583999d9d314/system_preview_small_200000163-3919d3a13f-public/vítek.jpg]
[fotogalerie/photogallerycbm_810881/60/index.html]
[servers/frontend/index.html]
[album/fotogalerie/canon-001-069-jpg/index.html]
[album/fotogalerie/canon-001-072-jpg/index.html]
[album/fotogalerie/canon-001-070-jpg/index.html]
[s/desktop/7fca68b5/img/favicon.ico]
[album/fotogalerie/canon-001-074-jpg/index.html]
[s/desktop/7fca68b5/img/favicon_32x32.png]
[album/fotogalerie/canon-001-073-jpg/index.html]
[s/desktop/7fca68b5/img/favicon_48x48.png]
[album/fotogalerie/canon-001-075-jpg/index.html]
[s/desktop/7fca68b5/img/favicon_96x96.png]
[album/fotogalerie/canon-001-076-jpg/index.html]
[s/desktop/7fca68b5/img/favicon_144x144.png]
[album/fotogalerie/canon-001-077-jpg/index.html]
[album/fotogalerie/canon-001-078-jpg/index.html]
[s/desktop/7fca68b5/jsbin/web-animations-next-lite.min.vflset/web-animations-next-lite.min.js]
[album/fotogalerie/canon-001-079-jpg/index.html]
[s/desktop/7fca68b5/jsbin/webcomponents-all-noPatch.vflset/webcomponents-all-noPatch.js]
[album/fotogalerie/canon-001-080-jpg/index.html]
[s/desktop/7fca68b5/jsbin/fetch-polyfill.vflset/fetch-polyfill.js]
[album/fotogalerie/canon-001-081-jpg/index.html]
[s/desktop/7fca68b5/jsbin/intersection-observer.min.vflset/intersection-observer.min.js]
[fotogalerie/photogallerycbm_810881/50/index.html]
[album/fotogalerie/canon-001-082-jpg/index.html]
[s/desktop/7fca68b5/jsbin/scheduler.vflset/scheduler.js]
[album/fotogalerie/canon-001-084-jpg/index.html]
[s/desktop/7fca68b5/jsbin/www-i18n-constants-en_US.vflset/www-i18n-constants.js]
[album/fotogalerie/canon-001-085-jpg/index.html]
[album/fotogalerie/canon-001-086-jpg/index.html]
[album/fotogalerie/canon-001-090-jpg/index.html]
[album/fotogalerie/canon-001-095-jpg/index.html]
[album/fotogalerie/canon-001-098-jpg/index.html]
[opensearch97fa]
[album/fotogalerie/canon-001-100-jpg/index.html]
[manifest.webmanifest]
[album/fotogalerie/canon-001-101-jpg/index.html]
[album/fotogalerie/canon-001-102-jpg/index.html]
[album/fotogalerie/canon-001-133-jpg/index.html]
[watch3ace.html]
[album/fotogalerie/canon-001-134-jpg/index.html]
[album/fotogalerie/canon-001-135-jpg/index.html]
[album/fotogalerie/daska-jpg/index.html]
[album/fotogalerie/canon-001-136-jpg/index.html]
[watchdf26.html]
[album/fotogalerie/kamca-jpg/index.html]
[album/fotogalerie/vitek-jpg/index.html]
[album/fotogalerie/vit-jpg/index.html]
[android-app_/com.google.android.youtube/http/www.youtube.com/watch1602.html]
[ios-app_/544007664/vnd.youtube/www.youtube.com/watch.8f1602.delayed]
[oembed52b3.json]
[oembedbc14]
[vi/djJ3P-YTBnc/hqdefault.jpg]
[@jazzuo.html]
[embed/djJ3P-YTBnc.html]
[s/desktop/7fca68b5/jsbin/spf.vflset/spf.js]
[Edg/index.html]
[s/desktop/7fca68b5/jsbin/network.vflset/network.js]
[t/terms.html]
[creators/index.html]
[ads/index.html]
[t/contact_us/index.html]
[howyoutubeworks/indexd320.html]
[new.html]
[s/desktop/7fca68b5/jsbin/desktop_polymer_enable_wil_icons.vflset/desktop_polymer_enable_wil_icons.js]
[async_attach_app_loader.9d.delayed]
[watch1602.html]
[watchd855.html]
[watch038a.html]
[android-app_/com.google.android.youtube/http/www.youtube.com/watchf530.html]
[ios-app_/544007664/vnd.youtube/www.youtube.com/watch.a5f530.delayed]
[oembedd832.json]
[oembed3ae6]
[vi/mMRPuiNHFOA/hqdefault.jpg]
[watchf530.html]
[index-4.html]
[embed/mMRPuiNHFOA.html]
[23c7b765a28020e45633583999d9d314/system_preview_detail_200000030-771fc78195-public/sada2.jpg]
[album/fotogalerie/sada2-jpg/index.html]
[23c7b765a28020e45633583999d9d314/system_preview_detail_200000032-dabe7dbb8d-public/cesko_japonsko_joo_kawasumi.jpg]
[album/fotogalerie/cesko-japonsko-joo-kawasumi-jpg/index.html]
[23c7b765a28020e45633583999d9d314/system_preview_detail_200000033-4c9294d8c4-public/dvoustěnný pohárek pro nevidomé2.jpg]
[album/fotogalerie/dvoustenny-poharek-pro-nevidome2-jpg/index.html]
[23c7b765a28020e45633583999d9d314/system_preview_detail_200000035-461dc4717c-public/p3.jpg]
[album/fotogalerie/p3-jpg/index.html]
[23c7b765a28020e45633583999d9d314/system_preview_detail_200000036-b32f6b4299-public/p2.jpg]
[album/fotogalerie/p2-jpg/index.html]
[23c7b765a28020e45633583999d9d314/system_preview_detail_200000037-5f823607c3-public/p6.jpg]
[album/fotogalerie/p6-jpg/index.html]
[23c7b765a28020e45633583999d9d314/system_preview_detail_200000063-0c12c0d0c8-public/5.jpg]
[album/fotogalerie/a5-jpg/index.html]
[23c7b765a28020e45633583999d9d314/system_preview_detail_200000064-926fa93693-public/1.jpg]
[album/fotogalerie/a1-jpg/index.html]
[23c7b765a28020e45633583999d9d314/system_preview_detail_200000065-0ffc710f69-public/2.jpg]
[album/fotogalerie/a2-jpg/index.html]
[23c7b765a28020e45633583999d9d314/system_preview_detail_200000066-99af39aa92-public/11.jpg]
[album/fotogalerie/a11-jpg/index.html]
[23c7b765a28020e45633583999d9d314/system_preview_detail_200000067-8a0f78b09a-public/18.jpg]
[album/fotogalerie/a18-jpg/index.html]
[23c7b765a28020e45633583999d9d314/system_preview_detail_200000068-6cc3f6dbdd-public/capis1.jpg]
[album/fotogalerie/capis1-jpg/index.html]
[23c7b765a28020e45633583999d9d314/system_preview_detail_200000069-034c304461-public/capis2.jpg]
[album/fotogalerie/capis2-jpg/index.html]
[23c7b765a28020e45633583999d9d314/system_preview_detail_200000070-aec3eafbd5-public/ko(u)ření.jpg]
[album/fotogalerie/ko-u-reni-jpg/index.html]
[23c7b765a28020e45633583999d9d314/system_preview_detail_200000095-e3159e40f9-public/PC150008.jpg]
[album/fotogalerie/pc150008-jpg/index.html]
[23c7b765a28020e45633583999d9d314/system_preview_detail_200000121-8cf768df12-public/canon 001 066.jpg]
[album/fotogalerie/canon-001-066-jpg/index.html]
[23c7b765a28020e45633583999d9d314/system_preview_detail_200000122-0d5640e505-public/canon 001 067.jpg]
[album/fotogalerie/canon-001-067-jpg/index.html]
[23c7b765a28020e45633583999d9d314/system_preview_detail_200000123-91d9e92d3d-public/canon 001 068.jpg]
[album/fotogalerie/canon-001-068-jpg/index.html]
[23c7b765a28020e45633583999d9d314/system_preview_detail_200000124-1b02b1bfd1-public/canon 001 069.jpg]
[album/fotogalerie/canon-001-069-jpg/index.html]
[23c7b765a28020e45633583999d9d314/system_preview_detail_200000125-98b0599aa5-public/canon 001 070.jpg]
[album/fotogalerie/canon-001-070-jpg/index.html]
[23c7b765a28020e45633583999d9d314/system_preview_detail_200000126-29ee32ae7e-public/canon 001 072.jpg]
[album/fotogalerie/canon-001-072-jpg/index.html]
[23c7b765a28020e45633583999d9d314/system_preview_detail_200000127-ac85cad7f6-public/canon 001 074.jpg]
[album/fotogalerie/canon-001-074-jpg/index.html]
[23c7b765a28020e45633583999d9d314/system_preview_detail_200000128-37559384fd-public/canon 001 073.jpg]
[album/fotogalerie/canon-001-073-jpg/index.html]
[23c7b765a28020e45633583999d9d314/system_preview_detail_200000129-b1ac9b2a6f-public/canon 001 075.jpg]
[album/fotogalerie/canon-001-075-jpg/index.html]
[23c7b765a28020e45633583999d9d314/system_preview_detail_200000130-3f6ad40653-public/canon 001 076.jpg]
[album/fotogalerie/canon-001-076-jpg/index.html]
[23c7b765a28020e45633583999d9d314/system_preview_detail_200000131-d5096d602f-public/canon 001 077.jpg]
[album/fotogalerie/canon-001-077-jpg/index.html]
[23c7b765a28020e45633583999d9d314/system_preview_detail_200000132-4ac5d4bbfc-public/canon 001 078.jpg]
[album/fotogalerie/canon-001-078-jpg/index.html]
[23c7b765a28020e45633583999d9d314/system_preview_detail_200000133-c7c43c8be2-public/canon 001 079.jpg]
[album/fotogalerie/canon-001-079-jpg/index.html]
[23c7b765a28020e45633583999d9d314/system_preview_detail_200000134-5327a5421d-public/canon 001 080.jpg]
[album/fotogalerie/canon-001-080-jpg/index.html]
[23c7b765a28020e45633583999d9d314/system_preview_detail_200000135-d1d75d2d11-public/canon 001 081.jpg]
[album/fotogalerie/canon-001-081-jpg/index.html]
[23c7b765a28020e45633583999d9d314/system_preview_small_200000146-4054b414ea-public/canon 001 103.jpg]
[23c7b765a28020e45633583999d9d314/system_preview_small_200000147-c32f0c4293-public/canon 001 104.jpg]
[23c7b765a28020e45633583999d9d314/system_preview_small_200000148-52e3253dd1-public/canon 001 105.jpg]
[23c7b765a28020e45633583999d9d314/system_preview_small_200000149-cfe35d0dfa-public/canon 001 106.jpg]
[23c7b765a28020e45633583999d9d314/system_preview_small_200000150-5b0025bfa5-public/canon 001 107.jpg]
[23c7b765a28020e45633583999d9d314/system_preview_small_200000151-daa1ddb9bb-public/canon 001 120.jpg]
[23c7b765a28020e45633583999d9d314/system_preview_small_200000152-79f417aed9-public/canon 001 124.jpg]
[23c7b765a28020e45633583999d9d314/system_preview_small_200000153-02d0403ca3-public/canon 001 125.jpg]
[23c7b765a28020e45633583999d9d314/system_preview_small_200000154-801d181174-public/canon 001 126.jpg]
[23c7b765a28020e45633583999d9d314/system_preview_small_200000155-09a4c0a9ef-public/canon 001 127.jpg]
[fotogalerie/photogallerycbm_810881/50/index.html]
[23c7b765a28020e45633583999d9d314/system_preview_detail_200000136-632ec6428c-public/canon 001 082.jpg]
[album/fotogalerie/canon-001-082-jpg/index.html]
[23c7b765a28020e45633583999d9d314/system_preview_detail_200000137-ece16eddb0-public/canon 001 084.jpg]
[album/fotogalerie/canon-001-084-jpg/index.html]
[23c7b765a28020e45633583999d9d314/system_preview_detail_200000138-78fa679f3c-public/canon 001 085.jpg]
[album/fotogalerie/canon-001-085-jpg/index.html]
[23c7b765a28020e45633583999d9d314/system_preview_detail_200000139-066b507658-public/canon 001 086.jpg]
[album/fotogalerie/canon-001-086-jpg/index.html]
[23c7b765a28020e45633583999d9d314/system_preview_detail_200000140-8d2f98e29d-public/canon 001 090.jpg]
[album/fotogalerie/canon-001-090-jpg/index.html]
[23c7b765a28020e45633583999d9d314/system_preview_detail_200000141-2f6fd306a0-public/canon 001 095.jpg]
[album/fotogalerie/canon-001-095-jpg/index.html]
[23c7b765a28020e45633583999d9d314/system_preview_detail_200000142-bff64c0f03-public/canon 001 098.jpg]
[album/fotogalerie/canon-001-098-jpg/index.html]
[23c7b765a28020e45633583999d9d314/system_preview_detail_200000143-51eb752e4f-public/canon 001 100.jpg]
[album/fotogalerie/canon-001-100-jpg/index.html]
[23c7b765a28020e45633583999d9d314/system_preview_detail_200000144-3f5a4405ab-public/canon 001 101.jpg]
[album/fotogalerie/canon-001-101-jpg/index.html]
[23c7b765a28020e45633583999d9d314/system_preview_detail_200000145-aefb7aff51-public/canon 001 102.jpg]
[album/fotogalerie/canon-001-102-jpg/index.html]
[23c7b765a28020e45633583999d9d314/system_preview_detail_200000156-8c82d8d7cf-public/canon 001 133.jpg]
[album/fotogalerie/canon-001-133-jpg/index.html]
[23c7b765a28020e45633583999d9d314/system_preview_detail_200000157-14f6f15f08-public/canon 001 134.jpg]
[album/fotogalerie/canon-001-134-jpg/index.html]
[23c7b765a28020e45633583999d9d314/system_preview_detail_200000158-9839999337-public/canon 001 135.jpg]
[album/fotogalerie/canon-001-135-jpg/index.html]
[23c7b765a28020e45633583999d9d314/system_preview_detail_200000159-24ff825f9c-public/canon 001 136.jpg]
[album/fotogalerie/canon-001-136-jpg/index.html]
[23c7b765a28020e45633583999d9d314/system_preview_detail_200000160-a5e76a6e1c-public/daska.jpg]
[album/fotogalerie/daska-jpg/index.html]
[23c7b765a28020e45633583999d9d314/system_preview_detail_200000161-300aa3104d-public/kamča.jpg]
[album/fotogalerie/kamca-jpg/index.html]
[23c7b765a28020e45633583999d9d314/system_preview_detail_200000162-aff8fb0f2d-public/vít.jpg]
[album/fotogalerie/vit-jpg/index.html]
[23c7b765a28020e45633583999d9d314/system_preview_detail_200000163-3919d3a13f-public/vítek.jpg]
[album/fotogalerie/vitek-jpg/index.html]
[error_2049a45.html]
[generate_204.html]
[css2aa78.css]
[s/_/ytmainappweb/_/ss/k=ytmainappweb.kevlar_base.FK8zOwYXjy0.L.X.O/am=AAU/d=0/rs=AGKMywEBDqxV38y24N8slkta-iUDwUPqgQ.css]
[watch3ace.html]
[watchdf26.html]
[channel/UCjaFblyfqwCBM1-_t2Q9jlQ.html]
[feeds/videos12ed.xml]
[ytc/unnamed.jpg]
[android-app_/com.google.android.youtube/http/www.youtube.com/watch1602.html]
[ios-app_/544007664/vnd.youtube/www.youtube.com/watch1602.html]
[channel/UCp_RYPBbJzN3yhICAUF8a_w.html]
[feeds/videos2524.xml]
[ytc/unnamed-2.jpg]
[@jazzuo.html]
[embed/djJ3P-YTBnc.html]
[Edg/index.html]
[about/index.html]
[about/press/index.html]
[about/copyright/index.html]
[img/favicon.ico]
[img/favicon_32.png]
[img/favicon_48.png]
[img/favicon_96.png]
[img/favicon_144.png]
[img/desktop/supported_browsers/yt_logo_rgb_light.png]
[t/contact_us/index.html]
[intl/en_us/creators/index.html]
[creators/static/compiled/index.min.js]
[yts/img/favicon-vfl8qSV2F.ico]
[yts/img/favicon_32-vflOogEID.png]
[yts/img/favicon_48-vflVjB_Qk.png]
[yts/img/favicon_96-vflW9Ec0w.png]
[yts/img/favicon_144-vfliLAfaB.png]
[unnamed.png]
[unnamed-2.png]
[unnamed-3.png]
[unnamed-4.png]
[unnamed-5.png]
[unnamed-6.png]
[unnamed-7.png]
[unnamed.jpg]
[unnamed-2.jpg]
[unnamed-8.png]
[unnamed-9.png]
[unnamed-10.png]
[unnamed-11.png]
[unnamed-12.png]
[unnamed-13.png]
[creators/index.html]
[ads/index.html]
[t/terms.html]
[about/policies/index.html]
[howyoutubeworks/index.html]
[youtube/img/branding/youtubelogo/svg/youtubelogo.svg]
[unnamed-14.png]
[unnamed-15.png]
[unnamed-16.png]
[unnamed-17.png]
[unnamed-18.png]
[unnamed-19.png]
[unnamed-20.png]
[unnamed-21.png]
[unnamed-3.jpg]
[unnamed-22.png]
[unnamed-23.png]
[unnamed-24.png]
[howyoutubeworks/static/images/chevron-down3e45.png]
[unnamed-4.jpg]
[unnamed-25.png]
[unnamed-26.png]
[unnamed-27.png]
[unnamed-28.png]
[howyoutubeworks/indexd320.html]
[new.html]
[watchd855.html]
[watch038a.html]
[android-app_/com.google.android.youtube/http/www.youtube.com/watchf530.html]
[ios-app_/544007664/vnd.youtube/www.youtube.com/watchf530.html]
[embed/mMRPuiNHFOA.html]
[channel/UCjaFblyfqwCBM1-_t2Q9jlQ.html]
[channel/UCp_RYPBbJzN3yhICAUF8a_w.html]
[css7f8d.css]
[css0981.css]
[intl/en_us/creators/index.html]
[index-5.html]
[cssd7cb.css]
[css4f05.css]
[files/yt-creators-lockup 1.svg]
[files/yt-creators-lockup-dark.svg]
[files/Getting_Started.svg]
[files/Getting_Started_DarkMode.svg]
[files/Building_Community.svg]
[files/Building_Community_DarkMode.svg]
[files/Making_Money.svg]
[files/Making_Money_DarkMode.svg]
[files/Content_Creation.svg]
[files/Content_Creation_DarkMode.svg]
[files/Policies_and_Guidelines.svg]
[files/Policies_and_Guidelines_DarkMode.svg]
[files/Programs_and_Initiatives.svg]
[files/Programs_and_Initiatives_DarkMode.svg]
[howyoutubeworks/index.html]
[index-7.html]
[cssc284.css]
[css7f47.css]
[index-6.html]
[favicon.svg]
[index-3.html]
[favicon16.svg]
[favicon.ico]
[rss/all.xml]
[wysiwyg/system.style.css]
[wnd_header.html]
[_system/skins/v9/50000006/js/functions.js]
[_system/skins/v9/50000006/img/body.png]
[_system/skins/v9/50000006/img/page_out.png]
[_system/skins/v9/50000006/img/page_in.png]
[_system/skins/v9/50000006/img/wrapper.png]
[_system/skins/v9/50000006/img/black_line.png]
[_system/skins/v9/50000006/img/runaround.png]
[_system/skins/v9/50000006/img/sidebar.png]
[_system/skins/v9/50000006/img/footer.png]
[_system/skins/v9/50000006/img/arrow_right.png]
[_system/skins/v9/50000006/img/menu_l1_item.png]
[_system/skins/v9/50000006/img/menu_l1_selected.png]
[_system/skins/v9/50000006/img/menu_l2_item.png]
[_system/skins/v9/50000006/img/menu_item.png]
[_system/skins/v9/50000006/img/menu_l2_selected.png]
[_system/skins/v9/50000006/img/menu_l3_selected.png]
[_system/skins/v9/50000006/img/quick.png]
[_system/skins/v9/50000006/img/homepage.png]
[_system/skins/v9/50000006/img/sitemap.png]
[_system/skins/v9/50000006/img/print.png]
[_system/skins/v9/50000006/img/rss.png]
[_system/skins/v9/50000006/img/sidebox.png]
[_system/skins/v9/50000006/img/submit.png]
[_system/skins/v9/50000006/img/error.png]
[_system/skins/v9/50000006/img/dot.png]
[_system/skins/v9/50000006/img/address.png]
[_system/skins/v9/50000006/img/phone.png]
[_system/skins/v9/50000006/img/email.png]
[_system/skins/v9/50000006/img/arrow_left.png]
[_system/skins/v9/50000006/img/faq_open.png]
[_system/skins/v9/50000006/img/faq_close.png]
[_system/skins/v9/50000006/img/dot_line.png]
[_system/skins/v9/50000006/css/style.css]
[_system/skins/v9/50000006/css/print.css]
[_files/index.html]
[_files/200000026-ba92dbb8d7/logogdfd.html]
[_files/200000022-cff48d0ee8/realná věc_Layer 1090c.html]
[news/zimni-spanek/index.html]
[rss/novinky.xml]
[s/player/6ed0d907/www-embed-player.vflset/www-embed-player.js]
[_files/system_preview_small_200000022-cff48d0ee8/realná věc_Layer 1.html]
[index4a43.html]
[s/player/6ed0d907/fetch-polyfill.vflset/fetch-polyfill.js]
[s/player/6ed0d907/player_ias.vflset/en_US/base.js]
[album/fotogalerie/gdfd1-jpg/index.html]
[album/fotogalerie/gdfd5-jpg/index.html]
[album/fotogalerie/gdfd6-jpg/index.html]
[album/fotogalerie/gdfd7-jpg/index.html]
[album/fotogalerie/gdfd8-jpg/index.html]
[album/fotogalerie/realna-vec-jpg/index.html]
[fotogalerie/photogallerycbm_810881/10/index.html]
[s/player/6ed0d907/www-player.css]
[img/meh7.html]
[index-4.html]
[images/200000000-8fe7790e12-public/gdfd17b36.html]
[images/200000001-0a0da0b07b-public/gdfd27b36.html]
[images/200000002-86ff587f9d-public/gdfd37b36.html]
[images/200000003-0fcc110c5d-public/gdfd47b36.html]
[images/200000004-a90aaaa04f-public/gdfd57b36.html]
[images/200000005-2def92ee8d-public/gdfd67b36.html]
[images/200000006-acd3badcd2-public/gdfd77b36.html]
[images/200000007-34a5c359f8-public/gdfd87b36.html]
[images/200000028-749987593b-public/designer+JOO+Kawasumi7b36.html]
[album/fotogalerie/sada2-jpg/index.html]
[images/200000029-e4e7be5e20-public/realná+věc7b36.html]
[album/fotogalerie/dvoustenny-poharek-pro-nevidome2-jpg/index.html]
[album/fotogalerie/p2-jpg/index.html]
[album/fotogalerie/p6-jpg/index.html]
[album/fotogalerie/a5-jpg/index.html]
[album/fotogalerie/a2-jpg/index.html]
[album/fotogalerie/a11-jpg/index.html]
[s/desktop/7fca68b5/img/favicon.ico]
[album/fotogalerie/a18-jpg/index.html]
[s/desktop/7fca68b5/img/favicon_32x32.png]
[album/fotogalerie/capis2-jpg/index.html]
[s/desktop/7fca68b5/img/favicon_48x48.png]
[album/fotogalerie/pc150008-jpg/index.html]
[s/desktop/7fca68b5/img/favicon_96x96.png]
[album/fotogalerie/canon-001-066-jpg/index.html]
[s/desktop/7fca68b5/img/favicon_144x144.png]
[album/fotogalerie/canon-001-067-jpg/index.html]
[s/desktop/7fca68b5/jsbin/web-animations-next-lite.min.vflset/web-animations-next-lite.min.js]
[album/fotogalerie/canon-001-069-jpg/index.html]
[s/desktop/7fca68b5/jsbin/webcomponents-all-noPatch.vflset/webcomponents-all-noPatch.js]
[album/fotogalerie/canon-001-070-jpg/index.html]
[s/desktop/7fca68b5/jsbin/fetch-polyfill.vflset/fetch-polyfill.js]
[album/fotogalerie/canon-001-072-jpg/index.html]
[opensearch97fa]
[album/fotogalerie/canon-001-073-jpg/index.html]
[manifest.webmanifest]
[album/fotogalerie/canon-001-075-jpg/index.html]
[s/desktop/7fca68b5/jsbin/intersection-observer.min.vflset/intersection-observer.min.js]
[album/fotogalerie/canon-001-077-jpg/index.html]
[oembedbc14]
[album/fotogalerie/canon-001-078-jpg/index.html]
[s/desktop/7fca68b5/jsbin/scheduler.vflset/scheduler.js]
[album/fotogalerie/canon-001-080-jpg/index.html]
[oembed52b3.json]
[album/fotogalerie/canon-001-081-jpg/index.html]
[s/desktop/7fca68b5/jsbin/www-i18n-constants-en_US.vflset/www-i18n-constants.js]
[fotogalerie/photogallerycbm_810881/50/index.html]
[vi/djJ3P-YTBnc/hqdefault.jpg]
[album/fotogalerie/canon-001-085-jpg/index.html]
[s/desktop/7fca68b5/jsbin/spf.vflset/spf.js]
[album/fotogalerie/canon-001-086-jpg/index.html]
[s/desktop/7fca68b5/jsbin/network.vflset/network.js]
[album/fotogalerie/canon-001-095-jpg/index.html]
[oembed3ae6]
[album/fotogalerie/canon-001-098-jpg/index.html]
[s/desktop/7fca68b5/jsbin/desktop_polymer_enable_wil_icons.vflset/desktop_polymer_enable_wil_icons.js]
[album/fotogalerie/canon-001-100-jpg/index.html]
[oembedd832.json]
[album/fotogalerie/canon-001-102-jpg/index.html]
[album/fotogalerie/canon-001-133-jpg/index.html]
[album/fotogalerie/canon-001-135-jpg/index.html]
[album/fotogalerie/canon-001-136-jpg/index.html]
[vi/mMRPuiNHFOA/hqdefault.jpg]
[album/fotogalerie/kamca-jpg/index.html]
[album/fotogalerie/vit-jpg/index.html]
[album/fotogalerie/vitek-jpg/index.html]
[error_2049a45.html]
[s/desktop/7fca68b5/cssbin/www-main-desktop-watch-page-skeleton.css]
[s/desktop/7fca68b5/cssbin/www-main-desktop-player-skeleton.css]
[s/desktop/7fca68b5/cssbin/www-onepick.css]
[about/index.html]
[async_attach_app_loader.html]
[feeds/videos12ed.xml]
[feeds/videos2524.xml]
[ytc/unnamed.jpg]
[ytc/unnamed-2.jpg]
[img/favicon_48.png]
[intl/en_us/creators/index.html]
[img/favicon_96.png]
[creators/static/compiled/index.min.css]
[img/favicon_144.png]
[img/desktop/supported_browsers/yt_logo_rgb_light.png]
[unnamed.png]
[unnamed-2.png]
[unnamed-7.png]
[unnamed.jpg]
[unnamed-8.png]
[unnamed-9.png]
[unnamed-2.jpg]
[unnamed-10.png]
[howyoutubeworks/index.html]
[unnamed-11.png]
[howyoutubeworks/static/compiled/index.min5104.css]
[unnamed-12.png]
[youtube/img/branding/youtubelogo/svg/youtubelogo.svg]
[unnamed-14.png]
[unnamed-15.png]
[unnamed-16.png]
[unnamed-17.png]
[unnamed-18.png]
[unnamed-19.png]
[unnamed-20.png]
[unnamed-26.png]
[s/desktop/7fca68b5/cssbin/www-main-desktop-home-page-skeleton.css]
[unnamed-27.png]
[unnamed-28.png]
[H_/IMG_0449.JPG]
[watch1602.html]
[watch3ace.html]
[@jazzuo.html]
[embed/mMRPuiNHFOA.html]
[channel/UCjaFblyfqwCBM1-_t2Q9jlQ.html]
[channel/UCp_RYPBbJzN3yhICAUF8a_w.html]
